<?xml version="1.0" encoding="UTF-8"?>
<!-- Generated by org.testng.reporters.JUnitReportReporter -->
<testsuite hostname="DESKTOP-LNHF1UD" failures="0" tests="1" name="com.w2a.testcases.AddCustomerTest" time="6.497" errors="0" timestamp="2022-12-25T11:08:01 IST" skipped="0">
  <testcase classname="com.w2a.testcases.AddCustomerTest" name="addCustomer" time="6.497"/>
  <system-out/>
</testsuite> <!-- com.w2a.testcases.AddCustomerTest -->
